Sat Dec  3 22:18:41 2016
Log file started. 
CPU Cores: 4
CPU Architecture: x86
System RAM: 3712688128 bytes
GPU: ATI Technologies Inc. AMD Radeon HD 6530D
OpenGL Version: 4.1.13399 Core Profile Context 15.200.1062.1003
Shader Language VersionL 4.40
Primary Display is 1920x1080 at 60hz.
System has 1 connected display(s)

This system does not support: ALPHA BYTE INSTRUCTIONS
This system does not support: ARM 64BIT LOADSTORE ATOMIC
This system does not support: ARM DIVIDE INSTRUCTION
This system does not support: ARM EXTERNAL CACHE
This system does not support: ARM FMAC INSTRUCTIONS
This system does not support: ARM VFP 32 REGISTERS
This system does not support: CHANNELS
This system does not support: FASTFAIL
This system does not support: RDWRFSGSBASE
This system does not support: SECOND LEVEL ADDRESS TRANSLATION
This system does not support: VIRT FIRMWARE
This system does not support: XSAVE


Sat Dec  3 22:19:12 2016
Animation was set to: debchinegun
Sat Dec  3 22:19:15 2016
PlayButtonOver
Sat Dec  3 22:19:15 2016
PlayButtonOver
Sat Dec  3 22:19:15 2016
PlayButtonOver
Sat Dec  3 22:19:16 2016
PlayButtonOver
Sat Dec  3 22:19:16 2016
PlayButtonOver
Sat Dec  3 22:19:17 2016
PlayButtonOver
Sat Dec  3 22:19:17 2016
PlayButtonOver
Sat Dec  3 22:19:18 2016
None
Sat Dec  3 22:19:18 2016
IT PLAYED
Sat Dec  3 22:19:18 2016
PlayButtonDown
Sat Dec  3 22:19:19 2016
PlayButtonOver
Sat Dec  3 22:19:20 2016
None
Sat Dec  3 22:19:20 2016
IT PLAYED
Sat Dec  3 22:19:20 2016
PlayButtonDown
Sat Dec  3 22:19:21 2016
PlayButtonOver
Sat Dec  3 22:19:21 2016
None
Sat Dec  3 22:19:21 2016
IT PLAYED
Sat Dec  3 22:19:21 2016
PlayButtonDown
Sat Dec  3 22:19:24 2016
PlayButtonOver
Sat Dec  3 22:19:25 2016
None
Sat Dec  3 22:19:25 2016
IT PLAYED
Sat Dec  3 22:19:25 2016
PlayButtonDown
Sat Dec  3 22:19:28 2016
Animation was set to: ok
Sat Dec  3 22:20:09 2016
Animation was set to: debchinegun
Sat Dec  3 22:20:17 2016
PlayButtonOver
Sat Dec  3 22:20:17 2016
PlayButtonOver
Sat Dec  3 22:20:18 2016
PlayButtonOver
Sat Dec  3 22:20:18 2016
PlayButtonOver
Sat Dec  3 22:20:19 2016
PlayButtonOver
Sat Dec  3 22:20:19 2016
PlayButtonOver
Sat Dec  3 22:20:31 2016
PlayButtonOver
