Sat Dec  3 22:20:41 2016
Log file started. 
CPU Cores: 4
CPU Architecture: x86
System RAM: 3712688128 bytes
GPU: ATI Technologies Inc. AMD Radeon HD 6530D
OpenGL Version: 4.1.13399 Core Profile Context 15.200.1062.1003
Shader Language VersionL 4.40
Primary Display is 1920x1080 at 60hz.
System has 1 connected display(s)

This system does not support: ALPHA BYTE INSTRUCTIONS
This system does not support: ARM 64BIT LOADSTORE ATOMIC
This system does not support: ARM DIVIDE INSTRUCTION
This system does not support: ARM EXTERNAL CACHE
This system does not support: ARM FMAC INSTRUCTIONS
This system does not support: ARM VFP 32 REGISTERS
This system does not support: CHANNELS
This system does not support: FASTFAIL
This system does not support: RDWRFSGSBASE
This system does not support: SECOND LEVEL ADDRESS TRANSLATION
This system does not support: VIRT FIRMWARE
This system does not support: XSAVE


Sat Dec  3 22:21:57 2016
Animation was set to: debchinegun
Sat Dec  3 22:21:59 2016
PlayButtonOver
Sat Dec  3 22:22:00 2016
PlayButtonOver
Sat Dec  3 22:22:02 2016
Animation was set to: ok
Sat Dec  3 22:22:46 2016
Animation was set to: debchinegun
Sat Dec  3 22:22:47 2016
PlayButtonOver
Sat Dec  3 22:22:48 2016
PlayButtonOver
Sat Dec  3 22:22:50 2016
None
Sat Dec  3 22:22:50 2016
IT PLAYED
Sat Dec  3 22:22:50 2016
PlayButtonDown
Sat Dec  3 22:22:50 2016
Main Menu
Sat Dec  3 22:22:51 2016
Animation was set to: debchinegun
Sat Dec  3 22:22:54 2016
PlayButtonOver
Sat Dec  3 22:22:54 2016
PlayButtonOver
Sat Dec  3 22:22:55 2016
PlayButtonOver
Sat Dec  3 22:22:55 2016
PlayButtonOver
Sat Dec  3 22:22:55 2016
PlayButtonOver
Sat Dec  3 22:22:56 2016
PlayButtonOver
Sat Dec  3 22:22:56 2016
PlayButtonOver
Sat Dec  3 22:22:56 2016
PlayButtonOver
Sat Dec  3 22:22:56 2016
PlayButtonOver
Sat Dec  3 22:22:56 2016
PlayButtonOver
Sat Dec  3 22:22:56 2016
PlayButtonOver
Sat Dec  3 22:22:56 2016
PlayButtonOver
Sat Dec  3 22:22:56 2016
PlayButtonOver
Sat Dec  3 22:22:56 2016
PlayButtonOver
Sat Dec  3 22:22:56 2016
PlayButtonOver
Sat Dec  3 22:22:57 2016
PlayButtonOver
Sat Dec  3 22:22:57 2016
PlayButtonOver
Sat Dec  3 22:22:57 2016
PlayButtonOver
Sat Dec  3 22:22:58 2016
PlayButtonOver
Sat Dec  3 22:22:58 2016
PlayButtonOver
Sat Dec  3 22:22:59 2016
PlayButtonOver
Sat Dec  3 22:22:59 2016
PlayButtonOver
Sat Dec  3 22:23:00 2016
PlayButtonOver
Sat Dec  3 22:23:00 2016
PlayButtonOver
Sat Dec  3 22:23:01 2016
PlayButtonOver
Sat Dec  3 22:23:31 2016
PlayButtonOver
Sat Dec  3 22:23:33 2016
PlayButtonOver
Sat Dec  3 22:23:33 2016
PlayButtonOver
Sat Dec  3 22:23:34 2016
PlayButtonOver
Sat Dec  3 22:23:49 2016
PlayButtonOver
Sat Dec  3 22:23:49 2016
PlayButtonOver
Sat Dec  3 22:23:50 2016
PlayButtonOver
Sat Dec  3 22:23:51 2016
PlayButtonOver
Sat Dec  3 22:23:51 2016
PlayButtonOver
Sat Dec  3 22:23:52 2016
PlayButtonOver
Sat Dec  3 22:23:52 2016
None
Sat Dec  3 22:23:52 2016
IT PLAYED
Sat Dec  3 22:23:52 2016
PlayButtonDown
Sat Dec  3 22:23:56 2016
PlayButtonOver
Sat Dec  3 22:23:57 2016
None
Sat Dec  3 22:23:57 2016
IT PLAYED
Sat Dec  3 22:23:57 2016
PlayButtonDown
Sat Dec  3 22:23:57 2016
PlayButtonOver
Sat Dec  3 22:23:58 2016
None
Sat Dec  3 22:23:58 2016
IT PLAYED
Sat Dec  3 22:23:58 2016
PlayButtonDown
